<?xml version="1.0" encoding="UTF-8"?>
<testng-results ignored="0" total="2" passed="2" failed="0" skipped="0">
  <reporter-output>
  </reporter-output>
  <suite started-at="2024-10-04T20:16:20 IST" name="Default suite" finished-at="2024-10-04T20:17:05 IST" duration-ms="45078">
    <groups>
      <group name="cucumber">
        <method signature="AbstractTestNGCucumberTests.runScenario(io.cucumber.testng.PickleWrapper,io.cucumber.testng.FeatureWrapper)[pri:0, instance:runner.TestNGTestRunner@51399530]" name="runScenario" class="io.cucumber.testng.AbstractTestNGCucumberTests"/>
      </group> <!-- cucumber -->
    </groups>
    <test started-at="2024-10-04T20:16:20 IST" name="Default test" finished-at="2024-10-04T20:17:05 IST" duration-ms="45078">
      <class name="runner.TestNGTestRunner">
        <test-method is-config="true" signature="setUpClass(org.testng.ITestContext)[pri:0, instance:runner.TestNGTestRunner@51399530]" started-at="2024-10-04T20:16:20 IST" name="setUpClass" finished-at="2024-10-04T20:16:21 IST" duration-ms="874" status="PASS">
          <params>
            <param index="0">
              <value>
                <![CDATA[org.testng.TestRunner@3aca2579]]>
              </value>
            </param>
          </params>
          <reporter-output>
          </reporter-output>
        </test-method> <!-- setUpClass -->
        <test-method signature="runScenario(io.cucumber.testng.PickleWrapper,io.cucumber.testng.FeatureWrapper)[pri:0, instance:runner.TestNGTestRunner@51399530]" started-at="2024-10-04T20:16:21 IST" name="runScenario" description="Runs Cucumber Scenarios" data-provider="scenarios" finished-at="2024-10-04T20:16:33 IST" duration-ms="11945" status="PASS">
          <params>
            <param index="0">
              <value>
                <![CDATA["This test is to verify the NSWS Login"]]>
              </value>
            </param>
            <param index="1">
              <value>
                <![CDATA["This feature is Login into the NSWS Application"]]>
              </value>
            </param>
          </params>
          <reporter-output>
          </reporter-output>
        </test-method> <!-- runScenario -->
        <test-method signature="runScenario(io.cucumber.testng.PickleWrapper,io.cucumber.testng.FeatureWrapper)[pri:0, instance:runner.TestNGTestRunner@51399530]" started-at="2024-10-04T20:16:33 IST" name="runScenario" description="Runs Cucumber Scenarios" data-provider="scenarios" finished-at="2024-10-04T20:17:00 IST" duration-ms="27264" status="PASS">
          <params>
            <param index="0">
              <value>
                <![CDATA["This is to verify the NSWS Dashboard feature"]]>
              </value>
            </param>
            <param index="1">
              <value>
                <![CDATA["This feature is to Verify the dashboard"]]>
              </value>
            </param>
          </params>
          <reporter-output>
          </reporter-output>
        </test-method> <!-- runScenario -->
        <test-method is-config="true" signature="tearDownClass()[pri:0, instance:runner.TestNGTestRunner@51399530]" started-at="2024-10-04T20:17:00 IST" name="tearDownClass" finished-at="2024-10-04T20:17:05 IST" duration-ms="4941" status="PASS">
          <reporter-output>
          </reporter-output>
        </test-method> <!-- tearDownClass -->
      </class> <!-- runner.TestNGTestRunner -->
    </test> <!-- Default test -->
  </suite> <!-- Default suite -->
</testng-results>
